1091170-anurag-1
1091170-anurag-3
1091170-anurag-4
1095563_sumit_1
1095563_sumit_3
1095563_sumit_4
1096980_hema_1
1096980_hema_2
1096980_hema_3
1096980_hema_4
1099235-minu-1
1099235-minu-3
1099235-minu-4
1113623-1
1113623-2
1113623-3
1114131-1
1114131-2
1114131-3
1119712_sush_1
1119712_sush_2
1119712_sush_3
1119712_sush_4
1119721_manasa_1
1119721_manasa_2
1119721_manasa_3
1119721_manasa_4
1128591-1
1128591-2
1128591-3
1131593-1
1131593-2
1186311_3
1186311_shreya_4
1186830_rohan_1
1187153_nitya_1
1187153_nitya_2
1187153_nitya_3
1187153_nitya_4
1192227_2
1192227_tanayjoshi_2
1192227_tanayjoshi
1192520-1
1192520-2
1192520-3
1193551-1
1193551-2
1193551-3
1194339-sam-2
1194339-sam-3
1194937_shaun_1
1194937_shaun_2
1195365-1
1195365-2
1195365-3
1195431-1
1195431-2
1195431-3
1197072-mukesh-1
1197072-mukesh-2
1197072-mukesh-3
1197072-mukesh-4
1199566-amba-1
1199566-amba-2
1199566-amba-3
1199566-amba-4
1199872_anirudh_1
1199872_anirudh_3
1199872_anirudh_4
1204702_manoj_1
1204702_manoj_4
1204738_nikhil_1
1204738_nikhil_2
1204738_nikhil_3
1204738_nikhil_4
1205490_diva_3
1205490_diva-4
1208874-dixcha-1
1208874-dixcha-2
1208874-dixcha-3
1208874-dixcha-4
1209020-1
1209020-2
1209020-3
1213361-1
1213361-2
1213361-3
1216465-1
1216465-2
1216465-3
1219188_3
1287171-1
1287171-2
1287171-3
1290608_akshay_1
1290608_akshay_2
1290608_akshay_3
1290608_akshay_4
1290701_mayu_1
1290701_mayu_3
1290701_mayu_4
129220-1
129220-2
129220-3
1293902-rahul-1
1293902-rahul-2
1293902-rahul-3
1293902_rahul_4
1293950_shub_2
1293950_shub_3
1293950_shub_4
1295128-jeba-1
1296648_arch_2
1296648_arch_3
1297118-mel-1
1297118-mel-4
1297905_1
1297905_3
1297905_ryan_4
1299648_arch_4
1325177-1
1325177-2
1325177-3
